<?xml version="1.0" encoding="UTF-8"?>
<TestRun id="df381c33-5eef-4f29-820a-161c83a28ccd" name="Abhishek@ABHISHEK-HP 2012-04-19 23:07:13" runUser="Abhishek-HP\Abhishek" xmlns="http://microsoft.com/schemas/VisualStudio/TeamTest/2010">
  <TestSettings name="Local" id="4d41ba16-c3de-44f0-90b5-6b551bf82565">
    <Description>These are default test settings for a local test run.</Description>
    <Deployment enabled="false" runDeploymentRoot="Abhishek_ABHISHEK-HP 2012-04-19 23_07_13">
      <DeploymentItem filename="D:\Traffic\Traffic\Traffic\bin\Release\Traffic.exe" />
    </Deployment>
    <Execution>
      <TestTypeSpecific />
      <AgentRule name="Execution Agents">
      </AgentRule>
    </Execution>
  </TestSettings>
  <Times creation="2012-04-19T23:07:13.7345445+05:30" queuing="2012-04-19T23:07:14.8626090+05:30" start="2012-04-19T23:07:15.0096174+05:30" finish="2012-04-19T23:08:54.7273209+05:30" />
  <ResultSummary outcome="Error">
    <Counters total="7" executed="6" passed="5" error="0" failed="0" timeout="0" aborted="1" inconclusive="0" passedButRunAborted="0" notRunnable="0" notExecuted="1" disconnected="0" warning="0" completed="0" inProgress="0" pending="0" />
    <RunInfos>
      <RunInfo computerName="ABHISHEK-HP" outcome="Error" timestamp="2012-04-19T23:08:54.7253208+05:30">
        <Text>Test host process exited unexpectedly.</Text>
      </RunInfo>
    </RunInfos>
  </ResultSummary>
  <TestDefinitions>
    <UnitTest name="IsStarted" storage="d:\traffic\traffic\traffictestproject\bin\release\traffictestproject.dll" id="a0990e18-256c-4fbf-394d-8e66eee3a884">
      <Execution id="aace90ab-b906-4a47-9bbb-c088ba80d06e" />
      <TestMethod codeBase="D:/Traffic/Traffic/TrafficTestProject/bin/Release/TrafficTestProject.DLL" adapterTypeName="Microsoft.VisualStudio.TestTools.TestTypes.Unit.UnitTestAdapter, Microsoft.VisualStudio.QualityTools.Tips.UnitTest.Adapter, Version=10.0.0.0, Culture=neutral, PublicKeyToken=b03f5f7f11d50a3a" className="TrafficTestProject.CarTest, TrafficTestProject, Version=1.0.0.0, Culture=neutral, PublicKeyToken=null" name="IsStarted" />
    </UnitTest>
    <UnitTest name="GetMeterReading" storage="d:\traffic\traffic\traffictestproject\bin\release\traffictestproject.dll" id="486fb4ca-8d69-3c32-aafe-e9c6faa00449">
      <Execution id="20a473aa-c6c3-4adb-bc1b-96c59f861963" />
      <TestMethod codeBase="D:/Traffic/Traffic/TrafficTestProject/bin/Release/TrafficTestProject.DLL" adapterTypeName="Microsoft.VisualStudio.TestTools.TestTypes.Unit.UnitTestAdapter, Microsoft.VisualStudio.QualityTools.Tips.UnitTest.Adapter, Version=10.0.0.0, Culture=neutral, PublicKeyToken=b03f5f7f11d50a3a" className="TrafficTestProject.CarTest, TrafficTestProject, Version=1.0.0.0, Culture=neutral, PublicKeyToken=null" name="GetMeterReading" />
    </UnitTest>
    <UnitTest name="Start" storage="d:\traffic\traffic\traffictestproject\bin\release\traffictestproject.dll" id="da1da9b8-5db8-311a-ff8a-f2a0995aadb0">
      <Execution id="74db3f28-4d5b-4355-b0b8-f7f3b5cce177" />
      <TestMethod codeBase="D:/Traffic/Traffic/TrafficTestProject/bin/Release/TrafficTestProject.DLL" adapterTypeName="Microsoft.VisualStudio.TestTools.TestTypes.Unit.UnitTestAdapter, Microsoft.VisualStudio.QualityTools.Tips.UnitTest.Adapter, Version=10.0.0.0, Culture=neutral, PublicKeyToken=b03f5f7f11d50a3a" className="TrafficTestProject.CarTest, TrafficTestProject, Version=1.0.0.0, Culture=neutral, PublicKeyToken=null" name="Start" />
    </UnitTest>
    <UnitTest name="Drive" storage="d:\traffic\traffic\traffictestproject\bin\release\traffictestproject.dll" id="a6a18801-3e3a-6903-2d98-c513d402ee52">
      <Execution id="03a7c99e-e26a-4a22-baff-49ea08d3ac1d" />
      <TestMethod codeBase="D:/Traffic/Traffic/TrafficTestProject/bin/Release/TrafficTestProject.DLL" adapterTypeName="Microsoft.VisualStudio.TestTools.TestTypes.Unit.UnitTestAdapter, Microsoft.VisualStudio.QualityTools.Tips.UnitTest.Adapter, Version=10.0.0.0, Culture=neutral, PublicKeyToken=b03f5f7f11d50a3a" className="TrafficTestProject.DriverTest, TrafficTestProject, Version=1.0.0.0, Culture=neutral, PublicKeyToken=null" name="Drive" />
    </UnitTest>
    <UnitTest name="Stop" storage="d:\traffic\traffic\traffictestproject\bin\release\traffictestproject.dll" id="83b53d92-1a6b-cacd-28a0-e4cfa17dc956">
      <Execution id="fb895fad-f712-4e53-aeac-68f3b8afd657" />
      <TestMethod codeBase="D:/Traffic/Traffic/TrafficTestProject/bin/Release/TrafficTestProject.DLL" adapterTypeName="Microsoft.VisualStudio.TestTools.TestTypes.Unit.UnitTestAdapter, Microsoft.VisualStudio.QualityTools.Tips.UnitTest.Adapter, Version=10.0.0.0, Culture=neutral, PublicKeyToken=b03f5f7f11d50a3a" className="TrafficTestProject.CarTest, TrafficTestProject, Version=1.0.0.0, Culture=neutral, PublicKeyToken=null" name="Stop" />
    </UnitTest>
    <UnitTest name="GetWaitingTime" storage="d:\traffic\traffic\traffictestproject\bin\release\traffictestproject.dll" id="85e00a19-b26d-f184-fcc6-c5cd3e3c847a">
      <Execution id="072f903c-9eea-414a-b9a2-cbf986fe7a43" />
      <TestMethod codeBase="D:/Traffic/Traffic/TrafficTestProject/bin/Release/TrafficTestProject.DLL" adapterTypeName="Microsoft.VisualStudio.TestTools.TestTypes.Unit.UnitTestAdapter, Microsoft.VisualStudio.QualityTools.Tips.UnitTest.Adapter, Version=10.0.0.0, Culture=neutral, PublicKeyToken=b03f5f7f11d50a3a" className="TrafficTestProject.TrafficLightTest, TrafficTestProject, Version=1.0.0.0, Culture=neutral, PublicKeyToken=null" name="GetWaitingTime" />
    </UnitTest>
    <UnitTest name="Run" storage="d:\traffic\traffic\traffictestproject\bin\release\traffictestproject.dll" id="eb22f7f9-ec97-21e4-f2c0-f826c0017a54">
      <Execution id="df345a9c-9e1f-4fe5-9a75-2931eb165e84" />
      <TestMethod codeBase="D:/Traffic/Traffic/TrafficTestProject/bin/Release/TrafficTestProject.DLL" adapterTypeName="Microsoft.VisualStudio.TestTools.TestTypes.Unit.UnitTestAdapter, Microsoft.VisualStudio.QualityTools.Tips.UnitTest.Adapter, Version=10.0.0.0, Culture=neutral, PublicKeyToken=b03f5f7f11d50a3a" className="TrafficTestProject.CarTest, TrafficTestProject, Version=1.0.0.0, Culture=neutral, PublicKeyToken=null" name="Run" />
    </UnitTest>
  </TestDefinitions>
  <TestLists>
    <TestList name="Results Not in a List" id="8c84fa94-04c1-424b-9868-57a2d4851a1d" />
    <TestList name="All Loaded Results" id="19431567-8539-422a-85d7-44ee4e166bda" />
  </TestLists>
  <TestEntries>
    <TestEntry testId="85e00a19-b26d-f184-fcc6-c5cd3e3c847a" executionId="072f903c-9eea-414a-b9a2-cbf986fe7a43" testListId="8c84fa94-04c1-424b-9868-57a2d4851a1d" />
    <TestEntry testId="eb22f7f9-ec97-21e4-f2c0-f826c0017a54" executionId="df345a9c-9e1f-4fe5-9a75-2931eb165e84" testListId="8c84fa94-04c1-424b-9868-57a2d4851a1d" />
    <TestEntry testId="da1da9b8-5db8-311a-ff8a-f2a0995aadb0" executionId="74db3f28-4d5b-4355-b0b8-f7f3b5cce177" testListId="8c84fa94-04c1-424b-9868-57a2d4851a1d" />
    <TestEntry testId="83b53d92-1a6b-cacd-28a0-e4cfa17dc956" executionId="fb895fad-f712-4e53-aeac-68f3b8afd657" testListId="8c84fa94-04c1-424b-9868-57a2d4851a1d" />
    <TestEntry testId="486fb4ca-8d69-3c32-aafe-e9c6faa00449" executionId="20a473aa-c6c3-4adb-bc1b-96c59f861963" testListId="8c84fa94-04c1-424b-9868-57a2d4851a1d" />
    <TestEntry testId="a6a18801-3e3a-6903-2d98-c513d402ee52" executionId="03a7c99e-e26a-4a22-baff-49ea08d3ac1d" testListId="8c84fa94-04c1-424b-9868-57a2d4851a1d" />
    <TestEntry testId="a0990e18-256c-4fbf-394d-8e66eee3a884" executionId="aace90ab-b906-4a47-9bbb-c088ba80d06e" testListId="8c84fa94-04c1-424b-9868-57a2d4851a1d" />
  </TestEntries>
  <Results>
    <UnitTestResult executionId="072f903c-9eea-414a-b9a2-cbf986fe7a43" testId="85e00a19-b26d-f184-fcc6-c5cd3e3c847a" testName="GetWaitingTime" computerName="ABHISHEK-HP" duration="00:00:00.0283306" startTime="2012-04-19T23:07:15.1476253+05:30" endTime="2012-04-19T23:07:16.8277214+05:30" testType="13cdc9d9-ddb5-4fa4-a97d-d965ccfc6d4b" outcome="Passed" testListId="8c84fa94-04c1-424b-9868-57a2d4851a1d" relativeResultsDirectory="072f903c-9eea-414a-b9a2-cbf986fe7a43">
    </UnitTestResult>
    <UnitTestResult executionId="df345a9c-9e1f-4fe5-9a75-2931eb165e84" testId="eb22f7f9-ec97-21e4-f2c0-f826c0017a54" testName="Run" computerName="ABHISHEK-HP" duration="00:00:00.0008317" startTime="2012-04-19T23:07:16.8397221+05:30" endTime="2012-04-19T23:07:16.8517227+05:30" testType="13cdc9d9-ddb5-4fa4-a97d-d965ccfc6d4b" outcome="Passed" testListId="8c84fa94-04c1-424b-9868-57a2d4851a1d" relativeResultsDirectory="df345a9c-9e1f-4fe5-9a75-2931eb165e84">
    </UnitTestResult>
    <UnitTestResult executionId="74db3f28-4d5b-4355-b0b8-f7f3b5cce177" testId="da1da9b8-5db8-311a-ff8a-f2a0995aadb0" testName="Start" computerName="ABHISHEK-HP" duration="00:00:00.0004452" startTime="2012-04-19T23:07:16.8667236+05:30" endTime="2012-04-19T23:07:16.8757241+05:30" testType="13cdc9d9-ddb5-4fa4-a97d-d965ccfc6d4b" outcome="Passed" testListId="8c84fa94-04c1-424b-9868-57a2d4851a1d" relativeResultsDirectory="74db3f28-4d5b-4355-b0b8-f7f3b5cce177">
    </UnitTestResult>
    <UnitTestResult executionId="fb895fad-f712-4e53-aeac-68f3b8afd657" testId="83b53d92-1a6b-cacd-28a0-e4cfa17dc956" testName="Stop" computerName="ABHISHEK-HP" duration="00:00:00.0003377" startTime="2012-04-19T23:07:16.8837246+05:30" endTime="2012-04-19T23:07:16.8907250+05:30" testType="13cdc9d9-ddb5-4fa4-a97d-d965ccfc6d4b" outcome="Passed" testListId="8c84fa94-04c1-424b-9868-57a2d4851a1d" relativeResultsDirectory="fb895fad-f712-4e53-aeac-68f3b8afd657">
    </UnitTestResult>
    <UnitTestResult executionId="20a473aa-c6c3-4adb-bc1b-96c59f861963" testId="486fb4ca-8d69-3c32-aafe-e9c6faa00449" testName="GetMeterReading" computerName="ABHISHEK-HP" duration="00:00:00.0003548" startTime="2012-04-19T23:07:16.8967253+05:30" endTime="2012-04-19T23:07:16.9027257+05:30" testType="13cdc9d9-ddb5-4fa4-a97d-d965ccfc6d4b" outcome="Passed" testListId="8c84fa94-04c1-424b-9868-57a2d4851a1d" relativeResultsDirectory="20a473aa-c6c3-4adb-bc1b-96c59f861963">
    </UnitTestResult>
    <UnitTestResult executionId="03a7c99e-e26a-4a22-baff-49ea08d3ac1d" testId="a6a18801-3e3a-6903-2d98-c513d402ee52" testName="Drive" computerName="ABHISHEK-HP" duration="00:01:37.8185949" startTime="2012-04-19T23:07:16.9077260+05:30" endTime="2012-04-19T23:08:54.7263209+05:30" testType="13cdc9d9-ddb5-4fa4-a97d-d965ccfc6d4b" outcome="Aborted" testListId="8c84fa94-04c1-424b-9868-57a2d4851a1d" relativeResultsDirectory="03a7c99e-e26a-4a22-baff-49ea08d3ac1d">
    </UnitTestResult>
    <UnitTestResult executionId="aace90ab-b906-4a47-9bbb-c088ba80d06e" testId="a0990e18-256c-4fbf-394d-8e66eee3a884" testName="IsStarted" computerName="ABHISHEK-HP" testType="13cdc9d9-ddb5-4fa4-a97d-d965ccfc6d4b" outcome="NotExecuted" testListId="8c84fa94-04c1-424b-9868-57a2d4851a1d" relativeResultsDirectory="aace90ab-b906-4a47-9bbb-c088ba80d06e">
    </UnitTestResult>
  </Results>
</TestRun>