<?xml version="1.0" encoding="UTF-8"?>
<TestRun id="6d08b326-b8dc-4fc9-a95f-b7a2646b74e6" name="Abhishek@ABHISHEK-HP 2012-04-19 23:05:59" runUser="Abhishek-HP\Abhishek" xmlns="http://microsoft.com/schemas/VisualStudio/TeamTest/2010">
  <TestSettings name="Local" id="4d41ba16-c3de-44f0-90b5-6b551bf82565">
    <Description>These are default test settings for a local test run.</Description>
    <Deployment enabled="false" runDeploymentRoot="Abhishek_ABHISHEK-HP 2012-04-19 23_05_59">
      <DeploymentItem filename="D:\Traffic\Traffic\Traffic\bin\Release\Traffic.exe" />
    </Deployment>
    <Execution>
      <TestTypeSpecific />
      <AgentRule name="Execution Agents">
      </AgentRule>
    </Execution>
  </TestSettings>
  <Times creation="2012-04-19T23:05:59.5373006+05:30" queuing="2012-04-19T23:06:00.5873607+05:30" start="2012-04-19T23:06:00.6973670+05:30" finish="2012-04-19T23:06:16.8822927+05:30" />
  <ResultSummary outcome="Error">
    <Counters total="7" executed="6" passed="5" error="0" failed="0" timeout="0" aborted="1" inconclusive="0" passedButRunAborted="0" notRunnable="0" notExecuted="1" disconnected="0" warning="0" completed="0" inProgress="0" pending="0" />
    <RunInfos>
      <RunInfo computerName="ABHISHEK-HP" outcome="Error" timestamp="2012-04-19T23:06:16.8802926+05:30">
        <Text>Test host process exited unexpectedly.</Text>
      </RunInfo>
    </RunInfos>
  </ResultSummary>
  <TestDefinitions>
    <UnitTest name="IsStarted" storage="d:\traffic\traffic\traffictestproject\bin\release\traffictestproject.dll" id="a0990e18-256c-4fbf-394d-8e66eee3a884">
      <Execution id="393e4c18-33c7-477a-94ef-737559a95943" />
      <TestMethod codeBase="D:/Traffic/Traffic/TrafficTestProject/bin/Release/TrafficTestProject.DLL" adapterTypeName="Microsoft.VisualStudio.TestTools.TestTypes.Unit.UnitTestAdapter, Microsoft.VisualStudio.QualityTools.Tips.UnitTest.Adapter, Version=10.0.0.0, Culture=neutral, PublicKeyToken=b03f5f7f11d50a3a" className="TrafficTestProject.CarTest, TrafficTestProject, Version=1.0.0.0, Culture=neutral, PublicKeyToken=null" name="IsStarted" />
    </UnitTest>
    <UnitTest name="GetMeterReading" storage="d:\traffic\traffic\traffictestproject\bin\release\traffictestproject.dll" id="486fb4ca-8d69-3c32-aafe-e9c6faa00449">
      <Execution id="9f429f01-bef0-4d23-9c22-6e1707bff5d0" />
      <TestMethod codeBase="D:/Traffic/Traffic/TrafficTestProject/bin/Release/TrafficTestProject.DLL" adapterTypeName="Microsoft.VisualStudio.TestTools.TestTypes.Unit.UnitTestAdapter, Microsoft.VisualStudio.QualityTools.Tips.UnitTest.Adapter, Version=10.0.0.0, Culture=neutral, PublicKeyToken=b03f5f7f11d50a3a" className="TrafficTestProject.CarTest, TrafficTestProject, Version=1.0.0.0, Culture=neutral, PublicKeyToken=null" name="GetMeterReading" />
    </UnitTest>
    <UnitTest name="Start" storage="d:\traffic\traffic\traffictestproject\bin\release\traffictestproject.dll" id="da1da9b8-5db8-311a-ff8a-f2a0995aadb0">
      <Execution id="fec403bc-565f-40cb-810e-539b14083b91" />
      <TestMethod codeBase="D:/Traffic/Traffic/TrafficTestProject/bin/Release/TrafficTestProject.DLL" adapterTypeName="Microsoft.VisualStudio.TestTools.TestTypes.Unit.UnitTestAdapter, Microsoft.VisualStudio.QualityTools.Tips.UnitTest.Adapter, Version=10.0.0.0, Culture=neutral, PublicKeyToken=b03f5f7f11d50a3a" className="TrafficTestProject.CarTest, TrafficTestProject, Version=1.0.0.0, Culture=neutral, PublicKeyToken=null" name="Start" />
    </UnitTest>
    <UnitTest name="Drive" storage="d:\traffic\traffic\traffictestproject\bin\release\traffictestproject.dll" id="a6a18801-3e3a-6903-2d98-c513d402ee52">
      <Execution id="d3fbb1f1-6eaa-4831-9fef-dd346bf88a36" />
      <TestMethod codeBase="D:/Traffic/Traffic/TrafficTestProject/bin/Release/TrafficTestProject.DLL" adapterTypeName="Microsoft.VisualStudio.TestTools.TestTypes.Unit.UnitTestAdapter, Microsoft.VisualStudio.QualityTools.Tips.UnitTest.Adapter, Version=10.0.0.0, Culture=neutral, PublicKeyToken=b03f5f7f11d50a3a" className="TrafficTestProject.DriverTest, TrafficTestProject, Version=1.0.0.0, Culture=neutral, PublicKeyToken=null" name="Drive" />
    </UnitTest>
    <UnitTest name="Stop" storage="d:\traffic\traffic\traffictestproject\bin\release\traffictestproject.dll" id="83b53d92-1a6b-cacd-28a0-e4cfa17dc956">
      <Execution id="ff403456-7d78-4543-8d8b-74a5115a9a40" />
      <TestMethod codeBase="D:/Traffic/Traffic/TrafficTestProject/bin/Release/TrafficTestProject.DLL" adapterTypeName="Microsoft.VisualStudio.TestTools.TestTypes.Unit.UnitTestAdapter, Microsoft.VisualStudio.QualityTools.Tips.UnitTest.Adapter, Version=10.0.0.0, Culture=neutral, PublicKeyToken=b03f5f7f11d50a3a" className="TrafficTestProject.CarTest, TrafficTestProject, Version=1.0.0.0, Culture=neutral, PublicKeyToken=null" name="Stop" />
    </UnitTest>
    <UnitTest name="GetWaitingTime" storage="d:\traffic\traffic\traffictestproject\bin\release\traffictestproject.dll" id="85e00a19-b26d-f184-fcc6-c5cd3e3c847a">
      <Execution id="f4d476b9-fe5f-4459-a3bc-5c15039ac6cb" />
      <TestMethod codeBase="D:/Traffic/Traffic/TrafficTestProject/bin/Release/TrafficTestProject.DLL" adapterTypeName="Microsoft.VisualStudio.TestTools.TestTypes.Unit.UnitTestAdapter, Microsoft.VisualStudio.QualityTools.Tips.UnitTest.Adapter, Version=10.0.0.0, Culture=neutral, PublicKeyToken=b03f5f7f11d50a3a" className="TrafficTestProject.TrafficLightTest, TrafficTestProject, Version=1.0.0.0, Culture=neutral, PublicKeyToken=null" name="GetWaitingTime" />
    </UnitTest>
    <UnitTest name="Run" storage="d:\traffic\traffic\traffictestproject\bin\release\traffictestproject.dll" id="eb22f7f9-ec97-21e4-f2c0-f826c0017a54">
      <Execution id="25068bb4-dfe4-4f62-b430-48f0f62113c4" />
      <TestMethod codeBase="D:/Traffic/Traffic/TrafficTestProject/bin/Release/TrafficTestProject.DLL" adapterTypeName="Microsoft.VisualStudio.TestTools.TestTypes.Unit.UnitTestAdapter, Microsoft.VisualStudio.QualityTools.Tips.UnitTest.Adapter, Version=10.0.0.0, Culture=neutral, PublicKeyToken=b03f5f7f11d50a3a" className="TrafficTestProject.CarTest, TrafficTestProject, Version=1.0.0.0, Culture=neutral, PublicKeyToken=null" name="Run" />
    </UnitTest>
  </TestDefinitions>
  <TestLists>
    <TestList name="Results Not in a List" id="8c84fa94-04c1-424b-9868-57a2d4851a1d" />
    <TestList name="All Loaded Results" id="19431567-8539-422a-85d7-44ee4e166bda" />
  </TestLists>
  <TestEntries>
    <TestEntry testId="85e00a19-b26d-f184-fcc6-c5cd3e3c847a" executionId="f4d476b9-fe5f-4459-a3bc-5c15039ac6cb" testListId="8c84fa94-04c1-424b-9868-57a2d4851a1d" />
    <TestEntry testId="eb22f7f9-ec97-21e4-f2c0-f826c0017a54" executionId="25068bb4-dfe4-4f62-b430-48f0f62113c4" testListId="8c84fa94-04c1-424b-9868-57a2d4851a1d" />
    <TestEntry testId="da1da9b8-5db8-311a-ff8a-f2a0995aadb0" executionId="fec403bc-565f-40cb-810e-539b14083b91" testListId="8c84fa94-04c1-424b-9868-57a2d4851a1d" />
    <TestEntry testId="83b53d92-1a6b-cacd-28a0-e4cfa17dc956" executionId="ff403456-7d78-4543-8d8b-74a5115a9a40" testListId="8c84fa94-04c1-424b-9868-57a2d4851a1d" />
    <TestEntry testId="486fb4ca-8d69-3c32-aafe-e9c6faa00449" executionId="9f429f01-bef0-4d23-9c22-6e1707bff5d0" testListId="8c84fa94-04c1-424b-9868-57a2d4851a1d" />
    <TestEntry testId="a6a18801-3e3a-6903-2d98-c513d402ee52" executionId="d3fbb1f1-6eaa-4831-9fef-dd346bf88a36" testListId="8c84fa94-04c1-424b-9868-57a2d4851a1d" />
    <TestEntry testId="a0990e18-256c-4fbf-394d-8e66eee3a884" executionId="393e4c18-33c7-477a-94ef-737559a95943" testListId="8c84fa94-04c1-424b-9868-57a2d4851a1d" />
  </TestEntries>
  <Results>
    <UnitTestResult executionId="f4d476b9-fe5f-4459-a3bc-5c15039ac6cb" testId="85e00a19-b26d-f184-fcc6-c5cd3e3c847a" testName="GetWaitingTime" computerName="ABHISHEK-HP" duration="00:00:00.0243413" startTime="2012-04-19T23:06:00.8193739+05:30" endTime="2012-04-19T23:06:02.4944698+05:30" testType="13cdc9d9-ddb5-4fa4-a97d-d965ccfc6d4b" outcome="Passed" testListId="8c84fa94-04c1-424b-9868-57a2d4851a1d" relativeResultsDirectory="f4d476b9-fe5f-4459-a3bc-5c15039ac6cb">
    </UnitTestResult>
    <UnitTestResult executionId="25068bb4-dfe4-4f62-b430-48f0f62113c4" testId="eb22f7f9-ec97-21e4-f2c0-f826c0017a54" testName="Run" computerName="ABHISHEK-HP" duration="00:00:00.0008205" startTime="2012-04-19T23:06:02.5134708+05:30" endTime="2012-04-19T23:06:02.5434726+05:30" testType="13cdc9d9-ddb5-4fa4-a97d-d965ccfc6d4b" outcome="Passed" testListId="8c84fa94-04c1-424b-9868-57a2d4851a1d" relativeResultsDirectory="25068bb4-dfe4-4f62-b430-48f0f62113c4">
    </UnitTestResult>
    <UnitTestResult executionId="fec403bc-565f-40cb-810e-539b14083b91" testId="da1da9b8-5db8-311a-ff8a-f2a0995aadb0" testName="Start" computerName="ABHISHEK-HP" duration="00:00:00.0003474" startTime="2012-04-19T23:06:02.5514730+05:30" endTime="2012-04-19T23:06:02.5564733+05:30" testType="13cdc9d9-ddb5-4fa4-a97d-d965ccfc6d4b" outcome="Passed" testListId="8c84fa94-04c1-424b-9868-57a2d4851a1d" relativeResultsDirectory="fec403bc-565f-40cb-810e-539b14083b91">
    </UnitTestResult>
    <UnitTestResult executionId="ff403456-7d78-4543-8d8b-74a5115a9a40" testId="83b53d92-1a6b-cacd-28a0-e4cfa17dc956" testName="Stop" computerName="ABHISHEK-HP" duration="00:00:00.0003372" startTime="2012-04-19T23:06:02.5654738+05:30" endTime="2012-04-19T23:06:02.5714742+05:30" testType="13cdc9d9-ddb5-4fa4-a97d-d965ccfc6d4b" outcome="Passed" testListId="8c84fa94-04c1-424b-9868-57a2d4851a1d" relativeResultsDirectory="ff403456-7d78-4543-8d8b-74a5115a9a40">
    </UnitTestResult>
    <UnitTestResult executionId="9f429f01-bef0-4d23-9c22-6e1707bff5d0" testId="486fb4ca-8d69-3c32-aafe-e9c6faa00449" testName="GetMeterReading" computerName="ABHISHEK-HP" duration="00:00:00.0003758" startTime="2012-04-19T23:06:02.5784746+05:30" endTime="2012-04-19T23:06:02.5834748+05:30" testType="13cdc9d9-ddb5-4fa4-a97d-d965ccfc6d4b" outcome="Passed" testListId="8c84fa94-04c1-424b-9868-57a2d4851a1d" relativeResultsDirectory="9f429f01-bef0-4d23-9c22-6e1707bff5d0">
    </UnitTestResult>
    <UnitTestResult executionId="d3fbb1f1-6eaa-4831-9fef-dd346bf88a36" testId="a6a18801-3e3a-6903-2d98-c513d402ee52" testName="Drive" computerName="ABHISHEK-HP" duration="00:00:14.2948176" startTime="2012-04-19T23:06:02.5874751+05:30" endTime="2012-04-19T23:06:16.8822927+05:30" testType="13cdc9d9-ddb5-4fa4-a97d-d965ccfc6d4b" outcome="Aborted" testListId="8c84fa94-04c1-424b-9868-57a2d4851a1d" relativeResultsDirectory="d3fbb1f1-6eaa-4831-9fef-dd346bf88a36">
    </UnitTestResult>
    <UnitTestResult executionId="393e4c18-33c7-477a-94ef-737559a95943" testId="a0990e18-256c-4fbf-394d-8e66eee3a884" testName="IsStarted" computerName="ABHISHEK-HP" testType="13cdc9d9-ddb5-4fa4-a97d-d965ccfc6d4b" outcome="NotExecuted" testListId="8c84fa94-04c1-424b-9868-57a2d4851a1d" relativeResultsDirectory="393e4c18-33c7-477a-94ef-737559a95943">
    </UnitTestResult>
  </Results>
</TestRun>