<?xml version="1.0" encoding="UTF-8"?>
<TestRun id="53b0bb92-8527-4cbb-9ab1-e50e5ee38ef9" name="Abhishek@ABHISHEK-HP 2012-04-19 22:13:38" runUser="Abhishek-HP\Abhishek" xmlns="http://microsoft.com/schemas/VisualStudio/TeamTest/2010">
  <TestSettings name="Local" id="4d41ba16-c3de-44f0-90b5-6b551bf82565">
    <Description>These are default test settings for a local test run.</Description>
    <Deployment enabled="false" runDeploymentRoot="Abhishek_ABHISHEK-HP 2012-04-19 22_13_38">
      <DeploymentItem filename="D:\Traffic\Traffic\Traffic\bin\Release\Traffic.exe" />
    </Deployment>
    <Execution>
      <TestTypeSpecific />
      <AgentRule name="Execution Agents">
      </AgentRule>
    </Execution>
  </TestSettings>
  <Times creation="2012-04-19T22:13:38.0766193+05:30" queuing="2012-04-19T22:13:39.1556811+05:30" start="2012-04-19T22:13:39.2626872+05:30" finish="2012-04-19T22:13:59.9578709+05:30" />
  <ResultSummary outcome="Error">
    <Counters total="7" executed="6" passed="5" error="0" failed="0" timeout="0" aborted="1" inconclusive="0" passedButRunAborted="0" notRunnable="0" notExecuted="1" disconnected="0" warning="0" completed="0" inProgress="0" pending="0" />
    <RunInfos>
      <RunInfo computerName="ABHISHEK-HP" outcome="Error" timestamp="2012-04-19T22:13:59.9568708+05:30">
        <Text>Test host process exited unexpectedly.</Text>
      </RunInfo>
    </RunInfos>
  </ResultSummary>
  <TestDefinitions>
    <UnitTest name="IsStarted" storage="d:\traffic\traffic\traffictestproject\bin\release\traffictestproject.dll" id="a0990e18-256c-4fbf-394d-8e66eee3a884">
      <Execution id="6bf93ccd-7547-48f6-9a36-169446b905a9" />
      <TestMethod codeBase="D:/Traffic/Traffic/TrafficTestProject/bin/Release/TrafficTestProject.DLL" adapterTypeName="Microsoft.VisualStudio.TestTools.TestTypes.Unit.UnitTestAdapter, Microsoft.VisualStudio.QualityTools.Tips.UnitTest.Adapter, Version=10.0.0.0, Culture=neutral, PublicKeyToken=b03f5f7f11d50a3a" className="TrafficTestProject.CarTest, TrafficTestProject, Version=1.0.0.0, Culture=neutral, PublicKeyToken=null" name="IsStarted" />
    </UnitTest>
    <UnitTest name="GetMeterReading" storage="d:\traffic\traffic\traffictestproject\bin\release\traffictestproject.dll" id="486fb4ca-8d69-3c32-aafe-e9c6faa00449">
      <Execution id="3c5f5a84-9b75-4a0c-956c-e052dc3acfbd" />
      <TestMethod codeBase="D:/Traffic/Traffic/TrafficTestProject/bin/Release/TrafficTestProject.DLL" adapterTypeName="Microsoft.VisualStudio.TestTools.TestTypes.Unit.UnitTestAdapter, Microsoft.VisualStudio.QualityTools.Tips.UnitTest.Adapter, Version=10.0.0.0, Culture=neutral, PublicKeyToken=b03f5f7f11d50a3a" className="TrafficTestProject.CarTest, TrafficTestProject, Version=1.0.0.0, Culture=neutral, PublicKeyToken=null" name="GetMeterReading" />
    </UnitTest>
    <UnitTest name="Start" storage="d:\traffic\traffic\traffictestproject\bin\release\traffictestproject.dll" id="da1da9b8-5db8-311a-ff8a-f2a0995aadb0">
      <Execution id="2c8d2bf5-4e5d-4f97-8223-d9875d099e23" />
      <TestMethod codeBase="D:/Traffic/Traffic/TrafficTestProject/bin/Release/TrafficTestProject.DLL" adapterTypeName="Microsoft.VisualStudio.TestTools.TestTypes.Unit.UnitTestAdapter, Microsoft.VisualStudio.QualityTools.Tips.UnitTest.Adapter, Version=10.0.0.0, Culture=neutral, PublicKeyToken=b03f5f7f11d50a3a" className="TrafficTestProject.CarTest, TrafficTestProject, Version=1.0.0.0, Culture=neutral, PublicKeyToken=null" name="Start" />
    </UnitTest>
    <UnitTest name="Drive" storage="d:\traffic\traffic\traffictestproject\bin\release\traffictestproject.dll" id="a6a18801-3e3a-6903-2d98-c513d402ee52">
      <Execution id="69e573c3-2f97-4c20-84ed-67575f334ebe" />
      <TestMethod codeBase="D:/Traffic/Traffic/TrafficTestProject/bin/Release/TrafficTestProject.DLL" adapterTypeName="Microsoft.VisualStudio.TestTools.TestTypes.Unit.UnitTestAdapter, Microsoft.VisualStudio.QualityTools.Tips.UnitTest.Adapter, Version=10.0.0.0, Culture=neutral, PublicKeyToken=b03f5f7f11d50a3a" className="TrafficTestProject.DriverTest, TrafficTestProject, Version=1.0.0.0, Culture=neutral, PublicKeyToken=null" name="Drive" />
    </UnitTest>
    <UnitTest name="Stop" storage="d:\traffic\traffic\traffictestproject\bin\release\traffictestproject.dll" id="83b53d92-1a6b-cacd-28a0-e4cfa17dc956">
      <Execution id="c5c144f0-0b53-4b89-b1c9-ac2ee0d2ec0a" />
      <TestMethod codeBase="D:/Traffic/Traffic/TrafficTestProject/bin/Release/TrafficTestProject.DLL" adapterTypeName="Microsoft.VisualStudio.TestTools.TestTypes.Unit.UnitTestAdapter, Microsoft.VisualStudio.QualityTools.Tips.UnitTest.Adapter, Version=10.0.0.0, Culture=neutral, PublicKeyToken=b03f5f7f11d50a3a" className="TrafficTestProject.CarTest, TrafficTestProject, Version=1.0.0.0, Culture=neutral, PublicKeyToken=null" name="Stop" />
    </UnitTest>
    <UnitTest name="GetWaitingTime" storage="d:\traffic\traffic\traffictestproject\bin\release\traffictestproject.dll" id="85e00a19-b26d-f184-fcc6-c5cd3e3c847a">
      <Execution id="f084af58-00d0-4446-850e-e7714743184b" />
      <TestMethod codeBase="D:/Traffic/Traffic/TrafficTestProject/bin/Release/TrafficTestProject.DLL" adapterTypeName="Microsoft.VisualStudio.TestTools.TestTypes.Unit.UnitTestAdapter, Microsoft.VisualStudio.QualityTools.Tips.UnitTest.Adapter, Version=10.0.0.0, Culture=neutral, PublicKeyToken=b03f5f7f11d50a3a" className="TrafficTestProject.TrafficLightTest, TrafficTestProject, Version=1.0.0.0, Culture=neutral, PublicKeyToken=null" name="GetWaitingTime" />
    </UnitTest>
    <UnitTest name="Run" storage="d:\traffic\traffic\traffictestproject\bin\release\traffictestproject.dll" id="eb22f7f9-ec97-21e4-f2c0-f826c0017a54">
      <Execution id="a7b5d735-9c53-4dd2-ad4c-aca5a997492c" />
      <TestMethod codeBase="D:/Traffic/Traffic/TrafficTestProject/bin/Release/TrafficTestProject.DLL" adapterTypeName="Microsoft.VisualStudio.TestTools.TestTypes.Unit.UnitTestAdapter, Microsoft.VisualStudio.QualityTools.Tips.UnitTest.Adapter, Version=10.0.0.0, Culture=neutral, PublicKeyToken=b03f5f7f11d50a3a" className="TrafficTestProject.CarTest, TrafficTestProject, Version=1.0.0.0, Culture=neutral, PublicKeyToken=null" name="Run" />
    </UnitTest>
  </TestDefinitions>
  <TestLists>
    <TestList name="Results Not in a List" id="8c84fa94-04c1-424b-9868-57a2d4851a1d" />
    <TestList name="All Loaded Results" id="19431567-8539-422a-85d7-44ee4e166bda" />
  </TestLists>
  <TestEntries>
    <TestEntry testId="85e00a19-b26d-f184-fcc6-c5cd3e3c847a" executionId="f084af58-00d0-4446-850e-e7714743184b" testListId="8c84fa94-04c1-424b-9868-57a2d4851a1d" />
    <TestEntry testId="eb22f7f9-ec97-21e4-f2c0-f826c0017a54" executionId="a7b5d735-9c53-4dd2-ad4c-aca5a997492c" testListId="8c84fa94-04c1-424b-9868-57a2d4851a1d" />
    <TestEntry testId="da1da9b8-5db8-311a-ff8a-f2a0995aadb0" executionId="2c8d2bf5-4e5d-4f97-8223-d9875d099e23" testListId="8c84fa94-04c1-424b-9868-57a2d4851a1d" />
    <TestEntry testId="83b53d92-1a6b-cacd-28a0-e4cfa17dc956" executionId="c5c144f0-0b53-4b89-b1c9-ac2ee0d2ec0a" testListId="8c84fa94-04c1-424b-9868-57a2d4851a1d" />
    <TestEntry testId="486fb4ca-8d69-3c32-aafe-e9c6faa00449" executionId="3c5f5a84-9b75-4a0c-956c-e052dc3acfbd" testListId="8c84fa94-04c1-424b-9868-57a2d4851a1d" />
    <TestEntry testId="a6a18801-3e3a-6903-2d98-c513d402ee52" executionId="69e573c3-2f97-4c20-84ed-67575f334ebe" testListId="8c84fa94-04c1-424b-9868-57a2d4851a1d" />
    <TestEntry testId="a0990e18-256c-4fbf-394d-8e66eee3a884" executionId="6bf93ccd-7547-48f6-9a36-169446b905a9" testListId="8c84fa94-04c1-424b-9868-57a2d4851a1d" />
  </TestEntries>
  <Results>
    <UnitTestResult executionId="f084af58-00d0-4446-850e-e7714743184b" testId="85e00a19-b26d-f184-fcc6-c5cd3e3c847a" testName="GetWaitingTime" computerName="ABHISHEK-HP" duration="00:00:00.0278077" startTime="2012-04-19T22:13:39.3696933+05:30" endTime="2012-04-19T22:13:41.0627901+05:30" testType="13cdc9d9-ddb5-4fa4-a97d-d965ccfc6d4b" outcome="Passed" testListId="8c84fa94-04c1-424b-9868-57a2d4851a1d" relativeResultsDirectory="f084af58-00d0-4446-850e-e7714743184b">
    </UnitTestResult>
    <UnitTestResult executionId="a7b5d735-9c53-4dd2-ad4c-aca5a997492c" testId="eb22f7f9-ec97-21e4-f2c0-f826c0017a54" testName="Run" computerName="ABHISHEK-HP" duration="00:00:00.0008044" startTime="2012-04-19T22:13:41.0717907+05:30" endTime="2012-04-19T22:13:41.0807912+05:30" testType="13cdc9d9-ddb5-4fa4-a97d-d965ccfc6d4b" outcome="Passed" testListId="8c84fa94-04c1-424b-9868-57a2d4851a1d" relativeResultsDirectory="a7b5d735-9c53-4dd2-ad4c-aca5a997492c">
    </UnitTestResult>
    <UnitTestResult executionId="2c8d2bf5-4e5d-4f97-8223-d9875d099e23" testId="da1da9b8-5db8-311a-ff8a-f2a0995aadb0" testName="Start" computerName="ABHISHEK-HP" duration="00:00:00.0003499" startTime="2012-04-19T22:13:41.0887916+05:30" endTime="2012-04-19T22:13:41.0957920+05:30" testType="13cdc9d9-ddb5-4fa4-a97d-d965ccfc6d4b" outcome="Passed" testListId="8c84fa94-04c1-424b-9868-57a2d4851a1d" relativeResultsDirectory="2c8d2bf5-4e5d-4f97-8223-d9875d099e23">
    </UnitTestResult>
    <UnitTestResult executionId="c5c144f0-0b53-4b89-b1c9-ac2ee0d2ec0a" testId="83b53d92-1a6b-cacd-28a0-e4cfa17dc956" testName="Stop" computerName="ABHISHEK-HP" duration="00:00:00.0004427" startTime="2012-04-19T22:13:41.1047925+05:30" endTime="2012-04-19T22:13:41.1117929+05:30" testType="13cdc9d9-ddb5-4fa4-a97d-d965ccfc6d4b" outcome="Passed" testListId="8c84fa94-04c1-424b-9868-57a2d4851a1d" relativeResultsDirectory="c5c144f0-0b53-4b89-b1c9-ac2ee0d2ec0a">
    </UnitTestResult>
    <UnitTestResult executionId="3c5f5a84-9b75-4a0c-956c-e052dc3acfbd" testId="486fb4ca-8d69-3c32-aafe-e9c6faa00449" testName="GetMeterReading" computerName="ABHISHEK-HP" duration="00:00:00.0003543" startTime="2012-04-19T22:13:41.1157932+05:30" endTime="2012-04-19T22:13:41.1217935+05:30" testType="13cdc9d9-ddb5-4fa4-a97d-d965ccfc6d4b" outcome="Passed" testListId="8c84fa94-04c1-424b-9868-57a2d4851a1d" relativeResultsDirectory="3c5f5a84-9b75-4a0c-956c-e052dc3acfbd">
    </UnitTestResult>
    <UnitTestResult executionId="69e573c3-2f97-4c20-84ed-67575f334ebe" testId="a6a18801-3e3a-6903-2d98-c513d402ee52" testName="Drive" computerName="ABHISHEK-HP" duration="00:00:18.8310771" startTime="2012-04-19T22:13:41.1267938+05:30" endTime="2012-04-19T22:13:59.9578709+05:30" testType="13cdc9d9-ddb5-4fa4-a97d-d965ccfc6d4b" outcome="Aborted" testListId="8c84fa94-04c1-424b-9868-57a2d4851a1d" relativeResultsDirectory="69e573c3-2f97-4c20-84ed-67575f334ebe">
    </UnitTestResult>
    <UnitTestResult executionId="6bf93ccd-7547-48f6-9a36-169446b905a9" testId="a0990e18-256c-4fbf-394d-8e66eee3a884" testName="IsStarted" computerName="ABHISHEK-HP" testType="13cdc9d9-ddb5-4fa4-a97d-d965ccfc6d4b" outcome="NotExecuted" testListId="8c84fa94-04c1-424b-9868-57a2d4851a1d" relativeResultsDirectory="6bf93ccd-7547-48f6-9a36-169446b905a9">
    </UnitTestResult>
  </Results>
</TestRun>