<?xml version="1.0" encoding="UTF-8"?>
<TestRun id="ce95b7ec-81ef-4fd1-8275-c85fb7d0b6dd" name="gaurav.kulshrestha@WRK0040 2012-04-19 19:06:15" runUser="GLOBRIN\gaurav.kulshrestha" xmlns="http://microsoft.com/schemas/VisualStudio/TeamTest/2010">
  <TestSettings name="Local" id="4d41ba16-c3de-44f0-90b5-6b551bf82565">
    <Description>These are default test settings for a local test run.</Description>
    <Deployment enabled="false" runDeploymentRoot="gaurav.kulshrestha_WRK0040 2012-04-19 19_06_15">
      <DeploymentItem filename="C:\Users\gaurav.kulshrestha\Desktop\Traffic\Traffic\bin\Release\Traffic.exe" />
    </Deployment>
    <Execution>
      <TestTypeSpecific />
      <AgentRule name="Execution Agents">
      </AgentRule>
    </Execution>
  </TestSettings>
  <Times creation="2012-04-19T19:06:15.5169123+05:30" queuing="2012-04-19T19:06:16.4227226+05:30" start="2012-04-19T19:06:16.5943229+05:30" finish="2012-04-19T19:06:30.9253642+05:30" />
  <ResultSummary outcome="Error">
    <Counters total="7" executed="1" error="0" failed="0" timeout="0" aborted="1" inconclusive="0" passedButRunAborted="0" notRunnable="0" notExecuted="6" disconnected="0" warning="0" passed="0" completed="0" inProgress="0" pending="0" />
    <RunInfos>
      <RunInfo computerName="WRK0040" outcome="Error" timestamp="2012-04-19T19:06:30.9233641+05:30">
        <Text>Test host process exited unexpectedly.</Text>
      </RunInfo>
    </RunInfos>
  </ResultSummary>
  <TestDefinitions>
    <UnitTest name="ISstarted" storage="c:\users\gaurav.kulshrestha\desktop\traffic\traffictestproject\bin\release\traffictestproject.dll" id="06c22efe-6cf0-18bf-3c00-e39f1865e151">
      <Execution id="6d36feec-958c-48f9-89ba-d9304cf4435e" />
      <TestMethod codeBase="C:/Users/gaurav.kulshrestha/Desktop/Traffic/TrafficTestProject/bin/Release/TrafficTestProject.DLL" adapterTypeName="Microsoft.VisualStudio.TestTools.TestTypes.Unit.UnitTestAdapter, Microsoft.VisualStudio.QualityTools.Tips.UnitTest.Adapter, Version=10.0.0.0, Culture=neutral, PublicKeyToken=b03f5f7f11d50a3a" className="TrafficTestProject.CarTest, TrafficTestProject, Version=1.0.0.0, Culture=neutral, PublicKeyToken=null" name="ISstarted" />
    </UnitTest>
    <UnitTest name="Start" storage="c:\users\gaurav.kulshrestha\desktop\traffic\traffictestproject\bin\release\traffictestproject.dll" id="da1da9b8-5db8-311a-ff8a-f2a0995aadb0">
      <Execution id="0ce446cc-ba4b-43da-b56b-1f34e19fb868" />
      <TestMethod codeBase="C:/Users/gaurav.kulshrestha/Desktop/Traffic/TrafficTestProject/bin/Release/TrafficTestProject.DLL" adapterTypeName="Microsoft.VisualStudio.TestTools.TestTypes.Unit.UnitTestAdapter, Microsoft.VisualStudio.QualityTools.Tips.UnitTest.Adapter, Version=10.0.0.0, Culture=neutral, PublicKeyToken=b03f5f7f11d50a3a" className="TrafficTestProject.CarTest, TrafficTestProject, Version=1.0.0.0, Culture=neutral, PublicKeyToken=null" name="Start" />
    </UnitTest>
    <UnitTest name="Drive" storage="c:\users\gaurav.kulshrestha\desktop\traffic\traffictestproject\bin\release\traffictestproject.dll" id="a6a18801-3e3a-6903-2d98-c513d402ee52">
      <Execution id="19b89197-2ac6-4806-9179-f62231539d55" />
      <TestMethod codeBase="C:/Users/gaurav.kulshrestha/Desktop/Traffic/TrafficTestProject/bin/Release/TrafficTestProject.DLL" adapterTypeName="Microsoft.VisualStudio.TestTools.TestTypes.Unit.UnitTestAdapter, Microsoft.VisualStudio.QualityTools.Tips.UnitTest.Adapter, Version=10.0.0.0, Culture=neutral, PublicKeyToken=b03f5f7f11d50a3a" className="TrafficTestProject.DriverTest, TrafficTestProject, Version=1.0.0.0, Culture=neutral, PublicKeyToken=null" name="Drive" />
    </UnitTest>
    <UnitTest name="Stop" storage="c:\users\gaurav.kulshrestha\desktop\traffic\traffictestproject\bin\release\traffictestproject.dll" id="83b53d92-1a6b-cacd-28a0-e4cfa17dc956">
      <Execution id="d80b862a-0a60-4c5b-aae5-7713d4c5cd12" />
      <TestMethod codeBase="C:/Users/gaurav.kulshrestha/Desktop/Traffic/TrafficTestProject/bin/Release/TrafficTestProject.DLL" adapterTypeName="Microsoft.VisualStudio.TestTools.TestTypes.Unit.UnitTestAdapter, Microsoft.VisualStudio.QualityTools.Tips.UnitTest.Adapter, Version=10.0.0.0, Culture=neutral, PublicKeyToken=b03f5f7f11d50a3a" className="TrafficTestProject.CarTest, TrafficTestProject, Version=1.0.0.0, Culture=neutral, PublicKeyToken=null" name="Stop" />
    </UnitTest>
    <UnitTest name="GetWaitingTime" storage="c:\users\gaurav.kulshrestha\desktop\traffic\traffictestproject\bin\release\traffictestproject.dll" id="85e00a19-b26d-f184-fcc6-c5cd3e3c847a">
      <Execution id="7a4f2441-f826-4e96-b95a-661c3a393859" />
      <TestMethod codeBase="C:/Users/gaurav.kulshrestha/Desktop/Traffic/TrafficTestProject/bin/Release/TrafficTestProject.DLL" adapterTypeName="Microsoft.VisualStudio.TestTools.TestTypes.Unit.UnitTestAdapter, Microsoft.VisualStudio.QualityTools.Tips.UnitTest.Adapter, Version=10.0.0.0, Culture=neutral, PublicKeyToken=b03f5f7f11d50a3a" className="TrafficTestProject.TrafficLightTest, TrafficTestProject, Version=1.0.0.0, Culture=neutral, PublicKeyToken=null" name="GetWaitingTime" />
    </UnitTest>
    <UnitTest name="GetMeterReading" storage="c:\users\gaurav.kulshrestha\desktop\traffic\traffictestproject\bin\release\traffictestproject.dll" id="486fb4ca-8d69-3c32-aafe-e9c6faa00449">
      <Execution id="d4fa1f58-fe9e-4dd2-b78c-8cf767763f0f" />
      <TestMethod codeBase="C:/Users/gaurav.kulshrestha/Desktop/Traffic/TrafficTestProject/bin/Release/TrafficTestProject.DLL" adapterTypeName="Microsoft.VisualStudio.TestTools.TestTypes.Unit.UnitTestAdapter, Microsoft.VisualStudio.QualityTools.Tips.UnitTest.Adapter, Version=10.0.0.0, Culture=neutral, PublicKeyToken=b03f5f7f11d50a3a" className="TrafficTestProject.CarTest, TrafficTestProject, Version=1.0.0.0, Culture=neutral, PublicKeyToken=null" name="GetMeterReading" />
    </UnitTest>
    <UnitTest name="Run" storage="c:\users\gaurav.kulshrestha\desktop\traffic\traffictestproject\bin\release\traffictestproject.dll" id="eb22f7f9-ec97-21e4-f2c0-f826c0017a54">
      <Execution id="096b13d7-bf10-4c6c-98e7-e561318bf1c0" />
      <TestMethod codeBase="C:/Users/gaurav.kulshrestha/Desktop/Traffic/TrafficTestProject/bin/Release/TrafficTestProject.DLL" adapterTypeName="Microsoft.VisualStudio.TestTools.TestTypes.Unit.UnitTestAdapter, Microsoft.VisualStudio.QualityTools.Tips.UnitTest.Adapter, Version=10.0.0.0, Culture=neutral, PublicKeyToken=b03f5f7f11d50a3a" className="TrafficTestProject.CarTest, TrafficTestProject, Version=1.0.0.0, Culture=neutral, PublicKeyToken=null" name="Run" />
    </UnitTest>
  </TestDefinitions>
  <TestLists>
    <TestList name="Results Not in a List" id="8c84fa94-04c1-424b-9868-57a2d4851a1d" />
    <TestList name="All Loaded Results" id="19431567-8539-422a-85d7-44ee4e166bda" />
  </TestLists>
  <TestEntries>
    <TestEntry testId="a6a18801-3e3a-6903-2d98-c513d402ee52" executionId="19b89197-2ac6-4806-9179-f62231539d55" testListId="8c84fa94-04c1-424b-9868-57a2d4851a1d" />
    <TestEntry testId="eb22f7f9-ec97-21e4-f2c0-f826c0017a54" executionId="096b13d7-bf10-4c6c-98e7-e561318bf1c0" testListId="8c84fa94-04c1-424b-9868-57a2d4851a1d" />
    <TestEntry testId="da1da9b8-5db8-311a-ff8a-f2a0995aadb0" executionId="0ce446cc-ba4b-43da-b56b-1f34e19fb868" testListId="8c84fa94-04c1-424b-9868-57a2d4851a1d" />
    <TestEntry testId="83b53d92-1a6b-cacd-28a0-e4cfa17dc956" executionId="d80b862a-0a60-4c5b-aae5-7713d4c5cd12" testListId="8c84fa94-04c1-424b-9868-57a2d4851a1d" />
    <TestEntry testId="486fb4ca-8d69-3c32-aafe-e9c6faa00449" executionId="d4fa1f58-fe9e-4dd2-b78c-8cf767763f0f" testListId="8c84fa94-04c1-424b-9868-57a2d4851a1d" />
    <TestEntry testId="06c22efe-6cf0-18bf-3c00-e39f1865e151" executionId="6d36feec-958c-48f9-89ba-d9304cf4435e" testListId="8c84fa94-04c1-424b-9868-57a2d4851a1d" />
    <TestEntry testId="85e00a19-b26d-f184-fcc6-c5cd3e3c847a" executionId="7a4f2441-f826-4e96-b95a-661c3a393859" testListId="8c84fa94-04c1-424b-9868-57a2d4851a1d" />
  </TestEntries>
  <Results>
    <UnitTestResult executionId="19b89197-2ac6-4806-9179-f62231539d55" testId="a6a18801-3e3a-6903-2d98-c513d402ee52" testName="Drive" computerName="WRK0040" duration="00:00:14.1896410" startTime="2012-04-19T19:06:16.7347232+05:30" endTime="2012-04-19T19:06:30.9243642+05:30" testType="13cdc9d9-ddb5-4fa4-a97d-d965ccfc6d4b" outcome="Aborted" testListId="8c84fa94-04c1-424b-9868-57a2d4851a1d" relativeResultsDirectory="19b89197-2ac6-4806-9179-f62231539d55">
    </UnitTestResult>
    <UnitTestResult executionId="096b13d7-bf10-4c6c-98e7-e561318bf1c0" testId="eb22f7f9-ec97-21e4-f2c0-f826c0017a54" testName="Run" computerName="WRK0040" testType="13cdc9d9-ddb5-4fa4-a97d-d965ccfc6d4b" outcome="NotExecuted" testListId="8c84fa94-04c1-424b-9868-57a2d4851a1d" relativeResultsDirectory="096b13d7-bf10-4c6c-98e7-e561318bf1c0">
    </UnitTestResult>
    <UnitTestResult executionId="0ce446cc-ba4b-43da-b56b-1f34e19fb868" testId="da1da9b8-5db8-311a-ff8a-f2a0995aadb0" testName="Start" computerName="WRK0040" testType="13cdc9d9-ddb5-4fa4-a97d-d965ccfc6d4b" outcome="NotExecuted" testListId="8c84fa94-04c1-424b-9868-57a2d4851a1d" relativeResultsDirectory="0ce446cc-ba4b-43da-b56b-1f34e19fb868">
    </UnitTestResult>
    <UnitTestResult executionId="d80b862a-0a60-4c5b-aae5-7713d4c5cd12" testId="83b53d92-1a6b-cacd-28a0-e4cfa17dc956" testName="Stop" computerName="WRK0040" testType="13cdc9d9-ddb5-4fa4-a97d-d965ccfc6d4b" outcome="NotExecuted" testListId="8c84fa94-04c1-424b-9868-57a2d4851a1d" relativeResultsDirectory="d80b862a-0a60-4c5b-aae5-7713d4c5cd12">
    </UnitTestResult>
    <UnitTestResult executionId="d4fa1f58-fe9e-4dd2-b78c-8cf767763f0f" testId="486fb4ca-8d69-3c32-aafe-e9c6faa00449" testName="GetMeterReading" computerName="WRK0040" testType="13cdc9d9-ddb5-4fa4-a97d-d965ccfc6d4b" outcome="NotExecuted" testListId="8c84fa94-04c1-424b-9868-57a2d4851a1d" relativeResultsDirectory="d4fa1f58-fe9e-4dd2-b78c-8cf767763f0f">
    </UnitTestResult>
    <UnitTestResult executionId="6d36feec-958c-48f9-89ba-d9304cf4435e" testId="06c22efe-6cf0-18bf-3c00-e39f1865e151" testName="ISstarted" computerName="WRK0040" testType="13cdc9d9-ddb5-4fa4-a97d-d965ccfc6d4b" outcome="NotExecuted" testListId="8c84fa94-04c1-424b-9868-57a2d4851a1d" relativeResultsDirectory="6d36feec-958c-48f9-89ba-d9304cf4435e">
    </UnitTestResult>
    <UnitTestResult executionId="7a4f2441-f826-4e96-b95a-661c3a393859" testId="85e00a19-b26d-f184-fcc6-c5cd3e3c847a" testName="GetWaitingTime" computerName="WRK0040" testType="13cdc9d9-ddb5-4fa4-a97d-d965ccfc6d4b" outcome="NotExecuted" testListId="8c84fa94-04c1-424b-9868-57a2d4851a1d" relativeResultsDirectory="7a4f2441-f826-4e96-b95a-661c3a393859">
    </UnitTestResult>
  </Results>
</TestRun>